[29-Mar-2025 15:26:12 America/New_York] Attempting database connection...
[29-Mar-2025 15:26:12 America/New_York] DSN: mysql:host=sql105.infinityfree.com;dbname=if0_38627749_ppdb_man1mr;charset=utf8mb4
[29-Mar-2025 15:26:12 America/New_York] Attempting to connect with user: if0_38627749
[29-Mar-2025 15:26:12 America/New_York] Database connection successful!
[29-Mar-2025 15:26:18 America/New_York] Attempting database connection...
[29-Mar-2025 15:26:18 America/New_York] DSN: mysql:host=sql105.infinityfree.com;dbname=if0_38627749_ppdb_man1mr;charset=utf8mb4
[29-Mar-2025 15:26:18 America/New_York] Attempting to connect with user: if0_38627749
[29-Mar-2025 15:26:18 America/New_York] Database connection successful!
[29-Mar-2025 15:26:48 America/New_York] Attempting database connection...
[29-Mar-2025 15:26:48 America/New_York] DSN: mysql:host=sql105.infinityfree.com;dbname=if0_38627749_ppdb_man1mr;charset=utf8mb4
[29-Mar-2025 15:26:48 America/New_York] Attempting to connect with user: if0_38627749
[29-Mar-2025 15:26:48 America/New_York] Database connection successful!
[29-Mar-2025 15:26:56 America/New_York] Attempting database connection...
[29-Mar-2025 15:26:56 America/New_York] DSN: mysql:host=sql105.infinityfree.com;dbname=if0_38627749_ppdb_man1mr;charset=utf8mb4
[29-Mar-2025 15:26:56 America/New_York] Attempting to connect with user: if0_38627749
[29-Mar-2025 15:26:56 America/New_York] Database connection successful!
[29-Mar-2025 15:40:14 America/New_York] Attempting database connection...
[29-Mar-2025 15:40:14 America/New_York] DSN: mysql:host=sql105.infinityfree.com;dbname=if0_38627749_ppdb_man1mr;charset=utf8mb4
[29-Mar-2025 15:40:14 America/New_York] Attempting to connect with user: if0_38627749
[29-Mar-2025 15:40:14 America/New_York] Database connection successful!
[29-Mar-2025 15:42:12 America/New_York] Attempting database connection...
[29-Mar-2025 15:42:12 America/New_York] DSN: mysql:host=sql105.infinityfree.com;dbname=if0_38627749_ppdb_man1mr;charset=utf8mb4
[29-Mar-2025 15:42:12 America/New_York] Attempting to connect with user: if0_38627749
[29-Mar-2025 15:42:12 America/New_York] Database connection successful!
[29-Mar-2025 15:42:16 America/New_York] Attempting database connection...
[29-Mar-2025 15:42:16 America/New_York] DSN: mysql:host=sql105.infinityfree.com;dbname=if0_38627749_ppdb_man1mr;charset=utf8mb4
[29-Mar-2025 15:42:16 America/New_York] Attempting to connect with user: if0_38627749
[29-Mar-2025 15:42:16 America/New_York] Database connection successful!
[29-Mar-2025 15:42:41 America/New_York] Attempting database connection...
[29-Mar-2025 15:42:41 America/New_York] DSN: mysql:host=sql105.infinityfree.com;dbname=if0_38627749_ppdb_man1mr;charset=utf8mb4
[29-Mar-2025 15:42:41 America/New_York] Attempting to connect with user: if0_38627749
[29-Mar-2025 15:42:41 America/New_York] Database connection successful!
[29-Mar-2025 15:42:42 America/New_York] Attempting database connection...
[29-Mar-2025 15:42:42 America/New_York] DSN: mysql:host=sql105.infinityfree.com;dbname=if0_38627749_ppdb_man1mr;charset=utf8mb4
[29-Mar-2025 15:42:42 America/New_York] Attempting to connect with user: if0_38627749
[29-Mar-2025 15:42:42 America/New_York] Database connection successful!
[29-Mar-2025 15:43:04 America/New_York] Attempting database connection...
[29-Mar-2025 15:43:04 America/New_York] DSN: mysql:host=sql105.infinityfree.com;dbname=if0_38627749_ppdb_man1mr;charset=utf8mb4
[29-Mar-2025 15:43:04 America/New_York] Attempting to connect with user: if0_38627749
[29-Mar-2025 15:43:04 America/New_York] Database connection successful!
[29-Mar-2025 15:43:05 America/New_York] Attempting database connection...
[29-Mar-2025 15:43:05 America/New_York] DSN: mysql:host=sql105.infinityfree.com;dbname=if0_38627749_ppdb_man1mr;charset=utf8mb4
[29-Mar-2025 15:43:05 America/New_York] Attempting to connect with user: if0_38627749
[29-Mar-2025 15:43:05 America/New_York] Database connection successful!
[29-Mar-2025 15:43:06 America/New_York] Attempting database connection...
[29-Mar-2025 15:43:06 America/New_York] DSN: mysql:host=sql105.infinityfree.com;dbname=if0_38627749_ppdb_man1mr;charset=utf8mb4
[29-Mar-2025 15:43:06 America/New_York] Attempting to connect with user: if0_38627749
[29-Mar-2025 15:43:06 America/New_York] Database connection successful!
[29-Mar-2025 15:43:29 America/New_York] Attempting database connection...
[29-Mar-2025 15:43:29 America/New_York] DSN: mysql:host=sql105.infinityfree.com;dbname=if0_38627749_ppdb_man1mr;charset=utf8mb4
[29-Mar-2025 15:43:29 America/New_York] Attempting to connect with user: if0_38627749
[29-Mar-2025 15:43:29 America/New_York] Database connection successful!
[29-Mar-2025 15:43:30 America/New_York] Attempting database connection...
[29-Mar-2025 15:43:30 America/New_York] DSN: mysql:host=sql105.infinityfree.com;dbname=if0_38627749_ppdb_man1mr;charset=utf8mb4
[29-Mar-2025 15:43:30 America/New_York] Attempting to connect with user: if0_38627749
[29-Mar-2025 15:43:30 America/New_York] Database connection successful!
[29-Mar-2025 15:43:56 America/New_York] Attempting database connection...
[29-Mar-2025 15:43:56 America/New_York] DSN: mysql:host=sql105.infinityfree.com;dbname=if0_38627749_ppdb_man1mr;charset=utf8mb4
[29-Mar-2025 15:43:56 America/New_York] Attempting to connect with user: if0_38627749
[29-Mar-2025 15:43:56 America/New_York] Database connection successful!
[29-Mar-2025 15:43:58 America/New_York] Attempting database connection...
[29-Mar-2025 15:43:58 America/New_York] DSN: mysql:host=sql105.infinityfree.com;dbname=if0_38627749_ppdb_man1mr;charset=utf8mb4
[29-Mar-2025 15:43:58 America/New_York] Attempting to connect with user: if0_38627749
[29-Mar-2025 15:43:58 America/New_York] Database connection successful!
[29-Mar-2025 15:45:24 America/New_York] Attempting database connection...
[29-Mar-2025 15:45:24 America/New_York] DSN: mysql:host=sql105.infinityfree.com;dbname=if0_38627749_ppdb_man1mr;charset=utf8mb4
[29-Mar-2025 15:45:24 America/New_York] Attempting to connect with user: if0_38627749
[29-Mar-2025 15:45:24 America/New_York] Database connection successful!
[29-Mar-2025 15:47:57 America/New_York] Attempting database connection...
[29-Mar-2025 15:47:57 America/New_York] DSN: mysql:host=sql105.infinityfree.com;dbname=if0_38627749_ppdb_man1mr;charset=utf8mb4
[29-Mar-2025 15:47:57 America/New_York] Attempting to connect with user: if0_38627749
[29-Mar-2025 15:47:57 America/New_York] Database connection successful!
[29-Mar-2025 15:48:38 America/New_York] Attempting database connection...
[29-Mar-2025 15:48:38 America/New_York] DSN: mysql:host=sql105.infinityfree.com;dbname=if0_38627749_ppdb_man1mr;charset=utf8mb4
[29-Mar-2025 15:48:38 America/New_York] Attempting to connect with user: if0_38627749
[29-Mar-2025 15:48:38 America/New_York] Database connection successful!
[29-Mar-2025 15:51:30 America/New_York] Attempting database connection...
[29-Mar-2025 15:51:30 America/New_York] DSN: mysql:host=sql105.infinityfree.com;dbname=if0_38627749_ppdb_man1mr;charset=utf8mb4
[29-Mar-2025 15:51:30 America/New_York] Attempting to connect with user: if0_38627749
[29-Mar-2025 15:51:30 America/New_York] Database connection successful!
[29-Mar-2025 15:52:54 America/New_York] Attempting database connection...
[29-Mar-2025 15:52:54 America/New_York] DSN: mysql:host=sql105.infinityfree.com;dbname=if0_38627749_ppdb_man1mr;charset=utf8mb4
[29-Mar-2025 15:52:54 America/New_York] Attempting to connect with user: if0_38627749
[29-Mar-2025 15:52:54 America/New_York] Database connection successful!
[29-Mar-2025 15:53:31 America/New_York] Attempting database connection...
[29-Mar-2025 15:53:31 America/New_York] DSN: mysql:host=sql105.infinityfree.com;dbname=if0_38627749_ppdb_man1mr;charset=utf8mb4
[29-Mar-2025 15:53:31 America/New_York] Attempting to connect with user: if0_38627749
[29-Mar-2025 15:53:31 America/New_York] Database connection successful!
[29-Mar-2025 15:54:41 America/New_York] Attempting database connection...
[29-Mar-2025 15:54:41 America/New_York] DSN: mysql:host=sql105.infinityfree.com;dbname=if0_38627749_ppdb_man1mr;charset=utf8mb4
[29-Mar-2025 15:54:41 America/New_York] Attempting to connect with user: if0_38627749
[29-Mar-2025 15:54:41 America/New_York] Database connection successful!
[29-Mar-2025 16:01:30 America/New_York] Attempting database connection...
[29-Mar-2025 16:01:30 America/New_York] DSN: mysql:host=sql105.infinityfree.com;dbname=if0_38627749_ppdb_man1mr;charset=utf8mb4
[29-Mar-2025 16:01:30 America/New_York] Attempting to connect with user: if0_38627749
[29-Mar-2025 16:01:30 America/New_York] Database connection successful!
[29-Mar-2025 16:01:32 America/New_York] Attempting database connection...
[29-Mar-2025 16:01:32 America/New_York] DSN: mysql:host=sql105.infinityfree.com;dbname=if0_38627749_ppdb_man1mr;charset=utf8mb4
[29-Mar-2025 16:01:32 America/New_York] Attempting to connect with user: if0_38627749
[29-Mar-2025 16:01:32 America/New_York] Database connection successful!
[29-Mar-2025 16:01:42 America/New_York] Attempting database connection...
[29-Mar-2025 16:01:42 America/New_York] DSN: mysql:host=sql105.infinityfree.com;dbname=if0_38627749_ppdb_man1mr;charset=utf8mb4
[29-Mar-2025 16:01:42 America/New_York] Attempting to connect with user: if0_38627749
[29-Mar-2025 16:01:42 America/New_York] Database connection successful!
[29-Mar-2025 16:01:47 America/New_York] Attempting database connection...
[29-Mar-2025 16:01:47 America/New_York] DSN: mysql:host=sql105.infinityfree.com;dbname=if0_38627749_ppdb_man1mr;charset=utf8mb4
[29-Mar-2025 16:01:47 America/New_York] Attempting to connect with user: if0_38627749
[29-Mar-2025 16:01:47 America/New_York] Database connection successful!
[29-Mar-2025 16:01:48 America/New_York] Attempting database connection...
[29-Mar-2025 16:01:48 America/New_York] DSN: mysql:host=sql105.infinityfree.com;dbname=if0_38627749_ppdb_man1mr;charset=utf8mb4
[29-Mar-2025 16:01:48 America/New_York] Attempting to connect with user: if0_38627749
[29-Mar-2025 16:01:48 America/New_York] Database connection successful!
[29-Mar-2025 16:02:08 America/New_York] Attempting database connection...
[29-Mar-2025 16:02:08 America/New_York] DSN: mysql:host=sql105.infinityfree.com;dbname=if0_38627749_ppdb_man1mr;charset=utf8mb4
[29-Mar-2025 16:02:08 America/New_York] Attempting to connect with user: if0_38627749
[29-Mar-2025 16:02:08 America/New_York] Database connection successful!
[29-Mar-2025 16:02:10 America/New_York] Attempting database connection...
[29-Mar-2025 16:02:10 America/New_York] DSN: mysql:host=sql105.infinityfree.com;dbname=if0_38627749_ppdb_man1mr;charset=utf8mb4
[29-Mar-2025 16:02:10 America/New_York] Attempting to connect with user: if0_38627749
[29-Mar-2025 16:02:10 America/New_York] Database connection successful!
[29-Mar-2025 16:02:13 America/New_York] Attempting database connection...
[29-Mar-2025 16:02:13 America/New_York] DSN: mysql:host=sql105.infinityfree.com;dbname=if0_38627749_ppdb_man1mr;charset=utf8mb4
[29-Mar-2025 16:02:13 America/New_York] Attempting to connect with user: if0_38627749
[29-Mar-2025 16:02:13 America/New_York] Database connection successful!
[29-Mar-2025 16:02:15 America/New_York] Attempting database connection...
[29-Mar-2025 16:02:15 America/New_York] DSN: mysql:host=sql105.infinityfree.com;dbname=if0_38627749_ppdb_man1mr;charset=utf8mb4
[29-Mar-2025 16:02:15 America/New_York] Attempting to connect with user: if0_38627749
[29-Mar-2025 16:02:15 America/New_York] Database connection successful!
[29-Mar-2025 16:16:04 America/New_York] Attempting database connection...
[29-Mar-2025 16:16:04 America/New_York] DSN: mysql:host=sql105.infinityfree.com;dbname=if0_38627749_ppdb_man1mr;charset=utf8mb4
[29-Mar-2025 16:16:04 America/New_York] Attempting to connect with user: if0_38627749
[29-Mar-2025 16:16:04 America/New_York] Database connection successful!
[29-Mar-2025 16:18:31 America/New_York] Attempting database connection...
[29-Mar-2025 16:18:31 America/New_York] DSN: mysql:host=sql105.infinityfree.com;dbname=if0_38627749_ppdb_man1mr;charset=utf8mb4
[29-Mar-2025 16:18:31 America/New_York] Attempting to connect with user: if0_38627749
[29-Mar-2025 16:18:31 America/New_York] Database connection successful!
[29-Mar-2025 16:18:33 America/New_York] Attempting database connection...
[29-Mar-2025 16:18:33 America/New_York] DSN: mysql:host=sql105.infinityfree.com;dbname=if0_38627749_ppdb_man1mr;charset=utf8mb4
[29-Mar-2025 16:18:33 America/New_York] Attempting to connect with user: if0_38627749
[29-Mar-2025 16:18:33 America/New_York] Database connection successful!
[29-Mar-2025 16:19:36 America/New_York] Attempting database connection...
[29-Mar-2025 16:19:36 America/New_York] DSN: mysql:host=sql105.infinityfree.com;dbname=if0_38627749_ppdb_man1mr;charset=utf8mb4
[29-Mar-2025 16:19:36 America/New_York] Attempting to connect with user: if0_38627749
[29-Mar-2025 16:19:36 America/New_York] Database connection successful!
[29-Mar-2025 16:19:46 America/New_York] Attempting database connection...
[29-Mar-2025 16:19:46 America/New_York] DSN: mysql:host=sql105.infinityfree.com;dbname=if0_38627749_ppdb_man1mr;charset=utf8mb4
[29-Mar-2025 16:19:46 America/New_York] Attempting to connect with user: if0_38627749
[29-Mar-2025 16:19:46 America/New_York] Database connection successful!
[29-Mar-2025 16:21:02 America/New_York] Attempting database connection...
[29-Mar-2025 16:21:02 America/New_York] DSN: mysql:host=sql105.infinityfree.com;dbname=if0_38627749_ppdb_man1mr;charset=utf8mb4
[29-Mar-2025 16:21:02 America/New_York] Attempting to connect with user: if0_38627749
[29-Mar-2025 16:21:02 America/New_York] Database connection successful!
[29-Mar-2025 16:26:32 America/New_York] Attempting database connection...
[29-Mar-2025 16:26:32 America/New_York] DSN: mysql:host=sql105.infinityfree.com;dbname=if0_38627749_ppdb_man1mr;charset=utf8mb4
[29-Mar-2025 16:26:32 America/New_York] Attempting to connect with user: if0_38627749
[29-Mar-2025 16:26:32 America/New_York] Database connection successful!
[29-Mar-2025 16:26:37 America/New_York] Attempting database connection...
[29-Mar-2025 16:26:37 America/New_York] DSN: mysql:host=sql105.infinityfree.com;dbname=if0_38627749_ppdb_man1mr;charset=utf8mb4
[29-Mar-2025 16:26:37 America/New_York] Attempting to connect with user: if0_38627749
[29-Mar-2025 16:26:37 America/New_York] Database connection successful!
[29-Mar-2025 16:27:21 America/New_York] Attempting database connection...
[29-Mar-2025 16:27:21 America/New_York] DSN: mysql:host=sql105.infinityfree.com;dbname=if0_38627749_ppdb_man1mr;charset=utf8mb4
[29-Mar-2025 16:27:21 America/New_York] Attempting to connect with user: if0_38627749
[29-Mar-2025 16:27:21 America/New_York] Database connection successful!
[29-Mar-2025 16:28:03 America/New_York] Attempting database connection...
[29-Mar-2025 16:28:03 America/New_York] DSN: mysql:host=sql105.infinityfree.com;dbname=if0_38627749_ppdb_man1mr;charset=utf8mb4
[29-Mar-2025 16:28:03 America/New_York] Attempting to connect with user: if0_38627749
[29-Mar-2025 16:28:03 America/New_York] Database connection successful!
[29-Mar-2025 16:35:05 America/New_York] Attempting database connection...
[29-Mar-2025 16:35:05 America/New_York] DSN: mysql:host=sql105.infinityfree.com;dbname=if0_38627749_ppdb_man1mr;charset=utf8mb4
[29-Mar-2025 16:35:05 America/New_York] Attempting to connect with user: if0_38627749
[29-Mar-2025 16:35:05 America/New_York] Database connection successful!
[29-Mar-2025 16:35:54 America/New_York] Attempting database connection...
[29-Mar-2025 16:35:54 America/New_York] DSN: mysql:host=sql105.infinityfree.com;dbname=if0_38627749_ppdb_man1mr;charset=utf8mb4
[29-Mar-2025 16:35:54 America/New_York] Attempting to connect with user: if0_38627749
[29-Mar-2025 16:35:54 America/New_York] Database connection successful!
[29-Mar-2025 16:35:55 America/New_York] Attempting database connection...
[29-Mar-2025 16:35:55 America/New_York] DSN: mysql:host=sql105.infinityfree.com;dbname=if0_38627749_ppdb_man1mr;charset=utf8mb4
[29-Mar-2025 16:35:55 America/New_York] Attempting to connect with user: if0_38627749
[29-Mar-2025 16:35:55 America/New_York] Database connection successful!
[29-Mar-2025 16:35:57 America/New_York] Attempting database connection...
[29-Mar-2025 16:35:57 America/New_York] DSN: mysql:host=sql105.infinityfree.com;dbname=if0_38627749_ppdb_man1mr;charset=utf8mb4
[29-Mar-2025 16:35:57 America/New_York] Attempting to connect with user: if0_38627749
[29-Mar-2025 16:35:57 America/New_York] Database connection successful!
[29-Mar-2025 16:36:02 America/New_York] Attempting database connection...
[29-Mar-2025 16:36:02 America/New_York] DSN: mysql:host=sql105.infinityfree.com;dbname=if0_38627749_ppdb_man1mr;charset=utf8mb4
[29-Mar-2025 16:36:02 America/New_York] Attempting to connect with user: if0_38627749
[29-Mar-2025 16:36:02 America/New_York] Database connection successful!
[29-Mar-2025 16:36:05 America/New_York] Attempting database connection...
[29-Mar-2025 16:36:05 America/New_York] DSN: mysql:host=sql105.infinityfree.com;dbname=if0_38627749_ppdb_man1mr;charset=utf8mb4
[29-Mar-2025 16:36:05 America/New_York] Attempting to connect with user: if0_38627749
[29-Mar-2025 16:36:05 America/New_York] Database connection successful!
[29-Mar-2025 16:37:26 America/New_York] Attempting database connection...
[29-Mar-2025 16:37:26 America/New_York] DSN: mysql:host=sql105.infinityfree.com;dbname=if0_38627749_ppdb_man1mr;charset=utf8mb4
[29-Mar-2025 16:37:26 America/New_York] Attempting to connect with user: if0_38627749
[29-Mar-2025 16:37:26 America/New_York] Database connection successful!
[29-Mar-2025 16:37:51 America/New_York] Attempting database connection...
[29-Mar-2025 16:37:51 America/New_York] DSN: mysql:host=sql105.infinityfree.com;dbname=if0_38627749_ppdb_man1mr;charset=utf8mb4
[29-Mar-2025 16:37:51 America/New_York] Attempting to connect with user: if0_38627749
[29-Mar-2025 16:37:51 America/New_York] Database connection successful!
[29-Mar-2025 16:37:59 America/New_York] Attempting database connection...
[29-Mar-2025 16:37:59 America/New_York] DSN: mysql:host=sql105.infinityfree.com;dbname=if0_38627749_ppdb_man1mr;charset=utf8mb4
[29-Mar-2025 16:37:59 America/New_York] Attempting to connect with user: if0_38627749
[29-Mar-2025 16:37:59 America/New_York] Database connection successful!
[29-Mar-2025 16:38:02 America/New_York] Attempting database connection...
[29-Mar-2025 16:38:02 America/New_York] DSN: mysql:host=sql105.infinityfree.com;dbname=if0_38627749_ppdb_man1mr;charset=utf8mb4
[29-Mar-2025 16:38:02 America/New_York] Attempting to connect with user: if0_38627749
[29-Mar-2025 16:38:02 America/New_York] Database connection successful!
[29-Mar-2025 16:43:59 America/New_York] Attempting database connection...
[29-Mar-2025 16:43:59 America/New_York] DSN: mysql:host=sql105.infinityfree.com;dbname=if0_38627749_ppdb_man1mr;charset=utf8mb4
[29-Mar-2025 16:43:59 America/New_York] Attempting to connect with user: if0_38627749
[29-Mar-2025 16:43:59 America/New_York] Database connection successful!
[29-Mar-2025 16:44:39 America/New_York] Attempting database connection...
[29-Mar-2025 16:44:39 America/New_York] DSN: mysql:host=sql105.infinityfree.com;dbname=if0_38627749_ppdb_man1mr;charset=utf8mb4
[29-Mar-2025 16:44:39 America/New_York] Attempting to connect with user: if0_38627749
[29-Mar-2025 16:44:39 America/New_York] Database connection successful!
[29-Mar-2025 16:46:56 America/New_York] Attempting database connection...
[29-Mar-2025 16:46:56 America/New_York] DSN: mysql:host=sql105.infinityfree.com;dbname=if0_38627749_ppdb_man1mr;charset=utf8mb4
[29-Mar-2025 16:46:56 America/New_York] Attempting to connect with user: if0_38627749
[29-Mar-2025 16:46:56 America/New_York] Database connection successful!
[29-Mar-2025 16:47:03 America/New_York] Attempting database connection...
[29-Mar-2025 16:47:03 America/New_York] DSN: mysql:host=sql105.infinityfree.com;dbname=if0_38627749_ppdb_man1mr;charset=utf8mb4
[29-Mar-2025 16:47:03 America/New_York] Attempting to connect with user: if0_38627749
[29-Mar-2025 16:47:03 America/New_York] Database connection successful!
[29-Mar-2025 16:51:05 America/New_York] Attempting database connection...
[29-Mar-2025 16:51:05 America/New_York] DSN: mysql:host=sql105.infinityfree.com;dbname=if0_38627749_ppdb_man1mr;charset=utf8mb4
[29-Mar-2025 16:51:05 America/New_York] Attempting to connect with user: if0_38627749
[29-Mar-2025 16:51:05 America/New_York] Database connection successful!
[29-Mar-2025 16:51:06 America/New_York] Attempting database connection...
[29-Mar-2025 16:51:06 America/New_York] DSN: mysql:host=sql105.infinityfree.com;dbname=if0_38627749_ppdb_man1mr;charset=utf8mb4
[29-Mar-2025 16:51:06 America/New_York] Attempting to connect with user: if0_38627749
[29-Mar-2025 16:51:06 America/New_York] Database connection successful!
[29-Mar-2025 17:01:41 America/New_York] Attempting database connection...
[29-Mar-2025 17:01:41 America/New_York] DSN: mysql:host=sql105.infinityfree.com;dbname=if0_38627749_ppdb_man1mr;charset=utf8mb4
[29-Mar-2025 17:01:41 America/New_York] Attempting to connect with user: if0_38627749
[29-Mar-2025 17:01:41 America/New_York] Database connection successful!
[29-Mar-2025 17:30:37 America/New_York] Attempting database connection...
[29-Mar-2025 17:30:37 America/New_York] DSN: mysql:host=sql105.infinityfree.com;dbname=if0_38627749_ppdb_man1mr;charset=utf8mb4
[29-Mar-2025 17:30:37 America/New_York] Attempting to connect with user: if0_38627749
[29-Mar-2025 17:30:37 America/New_York] Database connection successful!
[29-Mar-2025 17:30:44 America/New_York] Attempting database connection...
[29-Mar-2025 17:30:44 America/New_York] DSN: mysql:host=sql105.infinityfree.com;dbname=if0_38627749_ppdb_man1mr;charset=utf8mb4
[29-Mar-2025 17:30:44 America/New_York] Attempting to connect with user: if0_38627749
[29-Mar-2025 17:30:44 America/New_York] Database connection successful!
[29-Mar-2025 17:32:07 America/New_York] Attempting database connection...
[29-Mar-2025 17:32:07 America/New_York] DSN: mysql:host=sql105.infinityfree.com;dbname=if0_38627749_ppdb_man1mr;charset=utf8mb4
[29-Mar-2025 17:32:07 America/New_York] Attempting to connect with user: if0_38627749
[29-Mar-2025 17:32:07 America/New_York] Database connection successful!
[29-Mar-2025 17:54:59 America/New_York] Attempting database connection...
[29-Mar-2025 17:54:59 America/New_York] DSN: mysql:host=sql105.infinityfree.com;dbname=if0_38627749_ppdb_man1mr;charset=utf8mb4
[29-Mar-2025 17:54:59 America/New_York] Attempting to connect with user: if0_38627749
[29-Mar-2025 17:54:59 America/New_York] Database connection successful!
[29-Mar-2025 18:48:27 America/New_York] Attempting database connection...
[29-Mar-2025 18:48:27 America/New_York] DSN: mysql:host=sql105.infinityfree.com;dbname=if0_38627749_ppdb_man1mr;charset=utf8mb4
[29-Mar-2025 18:48:27 America/New_York] Attempting to connect with user: if0_38627749
[29-Mar-2025 18:48:28 America/New_York] Database connection successful!
[29-Mar-2025 18:49:29 America/New_York] Attempting database connection...
[29-Mar-2025 18:49:29 America/New_York] DSN: mysql:host=sql105.infinityfree.com;dbname=if0_38627749_ppdb_man1mr;charset=utf8mb4
[29-Mar-2025 18:49:29 America/New_York] Attempting to connect with user: if0_38627749
[29-Mar-2025 18:49:29 America/New_York] Database connection successful!
[29-Mar-2025 18:49:29 America/New_York] Register process started
[29-Mar-2025 18:49:29 America/New_York] Registration Error: Kode CAPTCHA tidak valid atau telah kadaluarsa!
[29-Mar-2025 18:49:30 America/New_York] Attempting database connection...
[29-Mar-2025 18:49:30 America/New_York] DSN: mysql:host=sql105.infinityfree.com;dbname=if0_38627749_ppdb_man1mr;charset=utf8mb4
[29-Mar-2025 18:49:30 America/New_York] Attempting to connect with user: if0_38627749
[29-Mar-2025 18:49:30 America/New_York] Database connection successful!
[29-Mar-2025 18:50:14 America/New_York] Attempting database connection...
[29-Mar-2025 18:50:14 America/New_York] DSN: mysql:host=sql105.infinityfree.com;dbname=if0_38627749_ppdb_man1mr;charset=utf8mb4
[29-Mar-2025 18:50:14 America/New_York] Attempting to connect with user: if0_38627749
[29-Mar-2025 18:50:14 America/New_York] Database connection successful!
[29-Mar-2025 18:50:14 America/New_York] Register process started
[29-Mar-2025 18:50:14 America/New_York] Registration Error: Kode CAPTCHA tidak valid atau telah kadaluarsa!
[29-Mar-2025 18:50:15 America/New_York] Attempting database connection...
[29-Mar-2025 18:50:15 America/New_York] DSN: mysql:host=sql105.infinityfree.com;dbname=if0_38627749_ppdb_man1mr;charset=utf8mb4
[29-Mar-2025 18:50:15 America/New_York] Attempting to connect with user: if0_38627749
[29-Mar-2025 18:50:15 America/New_York] Database connection successful!
[29-Mar-2025 18:52:26 America/New_York] Attempting database connection...
[29-Mar-2025 18:52:26 America/New_York] DSN: mysql:host=sql105.infinityfree.com;dbname=if0_38627749_ppdb_man1mr;charset=utf8mb4
[29-Mar-2025 18:52:26 America/New_York] Attempting to connect with user: if0_38627749
[29-Mar-2025 18:52:26 America/New_York] Database connection successful!
[29-Mar-2025 18:52:55 America/New_York] Attempting database connection...
[29-Mar-2025 18:52:55 America/New_York] DSN: mysql:host=sql105.infinityfree.com;dbname=if0_38627749_ppdb_man1mr;charset=utf8mb4
[29-Mar-2025 18:52:55 America/New_York] Attempting to connect with user: if0_38627749
[29-Mar-2025 18:52:55 America/New_York] Database connection successful!
[29-Mar-2025 18:52:55 America/New_York] Register process started
[29-Mar-2025 18:52:55 America/New_York] Registration Error: Kode CAPTCHA tidak valid atau telah kadaluarsa!
[29-Mar-2025 18:52:55 America/New_York] Attempting database connection...
[29-Mar-2025 18:52:55 America/New_York] DSN: mysql:host=sql105.infinityfree.com;dbname=if0_38627749_ppdb_man1mr;charset=utf8mb4
[29-Mar-2025 18:52:55 America/New_York] Attempting to connect with user: if0_38627749
[29-Mar-2025 18:52:55 America/New_York] Database connection successful!
[29-Mar-2025 18:58:25 America/New_York] Attempting database connection...
[29-Mar-2025 18:58:25 America/New_York] DSN: mysql:host=sql105.infinityfree.com;dbname=if0_38627749_ppdb_man1mr;charset=utf8mb4
[29-Mar-2025 18:58:25 America/New_York] Attempting to connect with user: if0_38627749
[29-Mar-2025 18:58:25 America/New_York] Database connection successful!
[29-Mar-2025 19:01:13 America/New_York] Attempting database connection...
[29-Mar-2025 19:01:13 America/New_York] DSN: mysql:host=sql105.infinityfree.com;dbname=if0_38627749_ppdb_man1mr;charset=utf8mb4
[29-Mar-2025 19:01:13 America/New_York] Attempting to connect with user: if0_38627749
[29-Mar-2025 19:01:13 America/New_York] Database connection successful!
[29-Mar-2025 19:01:37 America/New_York] Attempting database connection...
[29-Mar-2025 19:01:37 America/New_York] DSN: mysql:host=sql105.infinityfree.com;dbname=if0_38627749_ppdb_man1mr;charset=utf8mb4
[29-Mar-2025 19:01:37 America/New_York] Attempting to connect with user: if0_38627749
[29-Mar-2025 19:01:37 America/New_York] Database connection successful!
[29-Mar-2025 19:01:37 America/New_York] Register process started
[29-Mar-2025 19:01:37 America/New_York] Received data - NISN: 0057100905, Name: Hanif Ubaidur Rohman Syah, WA: 087775524661, Jalur: 1
[29-Mar-2025 19:01:37 America/New_York] Insert query executed. Success: true
[29-Mar-2025 19:01:37 America/New_York] New user ID: 5
[29-Mar-2025 19:01:37 America/New_York] Transaction committed successfully
[29-Mar-2025 19:01:37 America/New_York] Attempting database connection...
[29-Mar-2025 19:01:37 America/New_York] DSN: mysql:host=sql105.infinityfree.com;dbname=if0_38627749_ppdb_man1mr;charset=utf8mb4
[29-Mar-2025 19:01:37 America/New_York] Attempting to connect with user: if0_38627749
[29-Mar-2025 19:01:37 America/New_York] Database connection successful!
[29-Mar-2025 19:01:43 America/New_York] Attempting database connection...
[29-Mar-2025 19:01:43 America/New_York] DSN: mysql:host=sql105.infinityfree.com;dbname=if0_38627749_ppdb_man1mr;charset=utf8mb4
[29-Mar-2025 19:01:43 America/New_York] Attempting to connect with user: if0_38627749
[29-Mar-2025 19:01:43 America/New_York] Database connection successful!
[29-Mar-2025 19:01:50 America/New_York] Attempting database connection...
[29-Mar-2025 19:01:50 America/New_York] DSN: mysql:host=sql105.infinityfree.com;dbname=if0_38627749_ppdb_man1mr;charset=utf8mb4
[29-Mar-2025 19:01:50 America/New_York] Attempting to connect with user: if0_38627749
[29-Mar-2025 19:01:50 America/New_York] Database connection successful!
[29-Mar-2025 19:04:18 America/New_York] Attempting database connection...
[29-Mar-2025 19:04:18 America/New_York] DSN: mysql:host=sql105.infinityfree.com;dbname=if0_38627749_ppdb_man1mr;charset=utf8mb4
[29-Mar-2025 19:04:18 America/New_York] Attempting to connect with user: if0_38627749
[29-Mar-2025 19:04:18 America/New_York] Database connection successful!
[29-Mar-2025 19:07:50 America/New_York] Attempting database connection...
[29-Mar-2025 19:07:50 America/New_York] DSN: mysql:host=sql105.infinityfree.com;dbname=if0_38627749_ppdb_man1mr;charset=utf8mb4
[29-Mar-2025 19:07:50 America/New_York] Attempting to connect with user: if0_38627749
[29-Mar-2025 19:07:50 America/New_York] Database connection successful!
[29-Mar-2025 19:08:03 America/New_York] Attempting database connection...
[29-Mar-2025 19:08:03 America/New_York] DSN: mysql:host=sql105.infinityfree.com;dbname=if0_38627749_ppdb_man1mr;charset=utf8mb4
[29-Mar-2025 19:08:03 America/New_York] Attempting to connect with user: if0_38627749
[29-Mar-2025 19:08:03 America/New_York] Database connection successful!
[29-Mar-2025 19:08:08 America/New_York] Attempting database connection...
[29-Mar-2025 19:08:08 America/New_York] DSN: mysql:host=sql105.infinityfree.com;dbname=if0_38627749_ppdb_man1mr;charset=utf8mb4
[29-Mar-2025 19:08:08 America/New_York] Attempting to connect with user: if0_38627749
[29-Mar-2025 19:08:08 America/New_York] Database connection successful!
[29-Mar-2025 19:11:06 America/New_York] Attempting database connection...
[29-Mar-2025 19:11:06 America/New_York] DSN: mysql:host=sql105.infinityfree.com;dbname=if0_38627749_ppdb_man1mr;charset=utf8mb4
[29-Mar-2025 19:11:06 America/New_York] Attempting to connect with user: if0_38627749
[29-Mar-2025 19:11:06 America/New_York] Database connection successful!
[29-Mar-2025 19:11:09 America/New_York] Attempting database connection...
[29-Mar-2025 19:11:09 America/New_York] DSN: mysql:host=sql105.infinityfree.com;dbname=if0_38627749_ppdb_man1mr;charset=utf8mb4
[29-Mar-2025 19:11:09 America/New_York] Attempting to connect with user: if0_38627749
[29-Mar-2025 19:11:09 America/New_York] Database connection successful!
[29-Mar-2025 19:11:13 America/New_York] Attempting database connection...
[29-Mar-2025 19:11:13 America/New_York] DSN: mysql:host=sql105.infinityfree.com;dbname=if0_38627749_ppdb_man1mr;charset=utf8mb4
[29-Mar-2025 19:11:13 America/New_York] Attempting to connect with user: if0_38627749
[29-Mar-2025 19:11:13 America/New_York] Database connection successful!
[29-Mar-2025 19:11:17 America/New_York] Attempting database connection...
[29-Mar-2025 19:11:17 America/New_York] DSN: mysql:host=sql105.infinityfree.com;dbname=if0_38627749_ppdb_man1mr;charset=utf8mb4
[29-Mar-2025 19:11:17 America/New_York] Attempting to connect with user: if0_38627749
[29-Mar-2025 19:11:17 America/New_York] Database connection successful!
[29-Mar-2025 19:11:21 America/New_York] Attempting database connection...
[29-Mar-2025 19:11:21 America/New_York] DSN: mysql:host=sql105.infinityfree.com;dbname=if0_38627749_ppdb_man1mr;charset=utf8mb4
[29-Mar-2025 19:11:21 America/New_York] Attempting to connect with user: if0_38627749
[29-Mar-2025 19:11:21 America/New_York] Database connection successful!
[29-Mar-2025 19:12:27 America/New_York] Attempting database connection...
[29-Mar-2025 19:12:27 America/New_York] DSN: mysql:host=sql105.infinityfree.com;dbname=if0_38627749_ppdb_man1mr;charset=utf8mb4
[29-Mar-2025 19:12:27 America/New_York] Attempting to connect with user: if0_38627749
[29-Mar-2025 19:12:27 America/New_York] Database connection successful!
[29-Mar-2025 19:12:32 America/New_York] Attempting database connection...
[29-Mar-2025 19:12:32 America/New_York] DSN: mysql:host=sql105.infinityfree.com;dbname=if0_38627749_ppdb_man1mr;charset=utf8mb4
[29-Mar-2025 19:12:32 America/New_York] Attempting to connect with user: if0_38627749
[29-Mar-2025 19:12:32 America/New_York] Database connection successful!
[29-Mar-2025 19:12:36 America/New_York] Attempting database connection...
[29-Mar-2025 19:12:36 America/New_York] DSN: mysql:host=sql105.infinityfree.com;dbname=if0_38627749_ppdb_man1mr;charset=utf8mb4
[29-Mar-2025 19:12:36 America/New_York] Attempting to connect with user: if0_38627749
[29-Mar-2025 19:12:36 America/New_York] Database connection successful!
[29-Mar-2025 19:13:07 America/New_York] Attempting database connection...
[29-Mar-2025 19:13:07 America/New_York] DSN: mysql:host=sql105.infinityfree.com;dbname=if0_38627749_ppdb_man1mr;charset=utf8mb4
[29-Mar-2025 19:13:07 America/New_York] Attempting to connect with user: if0_38627749
[29-Mar-2025 19:13:07 America/New_York] Database connection successful!
[29-Mar-2025 19:17:39 America/New_York] Attempting database connection...
[29-Mar-2025 19:17:39 America/New_York] DSN: mysql:host=sql105.infinityfree.com;dbname=if0_38627749_ppdb_man1mr;charset=utf8mb4
[29-Mar-2025 19:17:39 America/New_York] Attempting to connect with user: if0_38627749
[29-Mar-2025 19:17:39 America/New_York] Database connection successful!
[29-Mar-2025 19:17:40 America/New_York] Attempting database connection...
[29-Mar-2025 19:17:40 America/New_York] DSN: mysql:host=sql105.infinityfree.com;dbname=if0_38627749_ppdb_man1mr;charset=utf8mb4
[29-Mar-2025 19:17:40 America/New_York] Attempting to connect with user: if0_38627749
[29-Mar-2025 19:17:40 America/New_York] Database connection successful!
[29-Mar-2025 19:17:43 America/New_York] Attempting database connection...
[29-Mar-2025 19:17:43 America/New_York] DSN: mysql:host=sql105.infinityfree.com;dbname=if0_38627749_ppdb_man1mr;charset=utf8mb4
[29-Mar-2025 19:17:43 America/New_York] Attempting to connect with user: if0_38627749
[29-Mar-2025 19:17:43 America/New_York] Database connection successful!
[29-Mar-2025 19:17:45 America/New_York] Attempting database connection...
[29-Mar-2025 19:17:45 America/New_York] DSN: mysql:host=sql105.infinityfree.com;dbname=if0_38627749_ppdb_man1mr;charset=utf8mb4
[29-Mar-2025 19:17:45 America/New_York] Attempting to connect with user: if0_38627749
[29-Mar-2025 19:17:45 America/New_York] Database connection successful!
[29-Mar-2025 19:17:46 America/New_York] Attempting database connection...
[29-Mar-2025 19:17:46 America/New_York] DSN: mysql:host=sql105.infinityfree.com;dbname=if0_38627749_ppdb_man1mr;charset=utf8mb4
[29-Mar-2025 19:17:46 America/New_York] Attempting to connect with user: if0_38627749
[29-Mar-2025 19:17:46 America/New_York] Database connection successful!
[29-Mar-2025 19:17:50 America/New_York] Attempting database connection...
[29-Mar-2025 19:17:50 America/New_York] DSN: mysql:host=sql105.infinityfree.com;dbname=if0_38627749_ppdb_man1mr;charset=utf8mb4
[29-Mar-2025 19:17:50 America/New_York] Attempting to connect with user: if0_38627749
[29-Mar-2025 19:17:50 America/New_York] Database connection successful!
[29-Mar-2025 19:17:52 America/New_York] Attempting database connection...
[29-Mar-2025 19:17:52 America/New_York] DSN: mysql:host=sql105.infinityfree.com;dbname=if0_38627749_ppdb_man1mr;charset=utf8mb4
[29-Mar-2025 19:17:52 America/New_York] Attempting to connect with user: if0_38627749
[29-Mar-2025 19:17:52 America/New_York] Database connection successful!
[29-Mar-2025 19:18:02 America/New_York] Attempting database connection...
[29-Mar-2025 19:18:02 America/New_York] DSN: mysql:host=sql105.infinityfree.com;dbname=if0_38627749_ppdb_man1mr;charset=utf8mb4
[29-Mar-2025 19:18:02 America/New_York] Attempting to connect with user: if0_38627749
[29-Mar-2025 19:18:02 America/New_York] Database connection successful!
[29-Mar-2025 19:18:21 America/New_York] Attempting database connection...
[29-Mar-2025 19:18:21 America/New_York] DSN: mysql:host=sql105.infinityfree.com;dbname=if0_38627749_ppdb_man1mr;charset=utf8mb4
[29-Mar-2025 19:18:21 America/New_York] Attempting to connect with user: if0_38627749
[29-Mar-2025 19:18:21 America/New_York] Database connection successful!
[29-Mar-2025 19:18:57 America/New_York] Attempting database connection...
[29-Mar-2025 19:18:57 America/New_York] DSN: mysql:host=sql105.infinityfree.com;dbname=if0_38627749_ppdb_man1mr;charset=utf8mb4
[29-Mar-2025 19:18:57 America/New_York] Attempting to connect with user: if0_38627749
[29-Mar-2025 19:18:57 America/New_York] Database connection successful!
[29-Mar-2025 19:19:01 America/New_York] Attempting database connection...
[29-Mar-2025 19:19:01 America/New_York] DSN: mysql:host=sql105.infinityfree.com;dbname=if0_38627749_ppdb_man1mr;charset=utf8mb4
[29-Mar-2025 19:19:01 America/New_York] Attempting to connect with user: if0_38627749
[29-Mar-2025 19:19:01 America/New_York] Database connection successful!
[29-Mar-2025 19:19:01 America/New_York] Attempting database connection...
[29-Mar-2025 19:19:01 America/New_York] DSN: mysql:host=sql105.infinityfree.com;dbname=if0_38627749_ppdb_man1mr;charset=utf8mb4
[29-Mar-2025 19:19:01 America/New_York] Attempting to connect with user: if0_38627749
[29-Mar-2025 19:19:01 America/New_York] Database connection successful!
[29-Mar-2025 19:19:08 America/New_York] Attempting database connection...
[29-Mar-2025 19:19:08 America/New_York] DSN: mysql:host=sql105.infinityfree.com;dbname=if0_38627749_ppdb_man1mr;charset=utf8mb4
[29-Mar-2025 19:19:08 America/New_York] Attempting to connect with user: if0_38627749
[29-Mar-2025 19:19:08 America/New_York] Database connection successful!
[29-Mar-2025 19:19:08 America/New_York] Attempting database connection...
[29-Mar-2025 19:19:08 America/New_York] DSN: mysql:host=sql105.infinityfree.com;dbname=if0_38627749_ppdb_man1mr;charset=utf8mb4
[29-Mar-2025 19:19:08 America/New_York] Attempting to connect with user: if0_38627749
[29-Mar-2025 19:19:08 America/New_York] Database connection successful!
[29-Mar-2025 19:20:51 America/New_York] Attempting database connection...
[29-Mar-2025 19:20:51 America/New_York] DSN: mysql:host=sql105.infinityfree.com;dbname=if0_38627749_ppdb_man1mr;charset=utf8mb4
[29-Mar-2025 19:20:51 America/New_York] Attempting to connect with user: if0_38627749
[29-Mar-2025 19:20:51 America/New_York] Database connection successful!
[29-Mar-2025 19:20:55 America/New_York] Attempting database connection...
[29-Mar-2025 19:20:55 America/New_York] DSN: mysql:host=sql105.infinityfree.com;dbname=if0_38627749_ppdb_man1mr;charset=utf8mb4
[29-Mar-2025 19:20:55 America/New_York] Attempting to connect with user: if0_38627749
[29-Mar-2025 19:20:55 America/New_York] Database connection successful!
[29-Mar-2025 19:26:12 America/New_York] Attempting database connection...
[29-Mar-2025 19:26:12 America/New_York] DSN: mysql:host=sql105.infinityfree.com;dbname=if0_38627749_ppdb_man1mr;charset=utf8mb4
[29-Mar-2025 19:26:12 America/New_York] Attempting to connect with user: if0_38627749
[29-Mar-2025 19:26:12 America/New_York] Database connection successful!
[29-Mar-2025 19:26:13 America/New_York] Attempting database connection...
[29-Mar-2025 19:26:13 America/New_York] DSN: mysql:host=sql105.infinityfree.com;dbname=if0_38627749_ppdb_man1mr;charset=utf8mb4
[29-Mar-2025 19:26:13 America/New_York] Attempting to connect with user: if0_38627749
[29-Mar-2025 19:26:13 America/New_York] Database connection successful!
[29-Mar-2025 19:43:06 America/New_York] Attempting database connection...
[29-Mar-2025 19:43:06 America/New_York] DSN: mysql:host=sql105.infinityfree.com;dbname=if0_38627749_ppdb_man1mr;charset=utf8mb4
[29-Mar-2025 19:43:06 America/New_York] Attempting to connect with user: if0_38627749
[29-Mar-2025 19:43:06 America/New_York] Database connection successful!
[29-Mar-2025 19:43:08 America/New_York] Attempting database connection...
[29-Mar-2025 19:43:08 America/New_York] DSN: mysql:host=sql105.infinityfree.com;dbname=if0_38627749_ppdb_man1mr;charset=utf8mb4
[29-Mar-2025 19:43:08 America/New_York] Attempting to connect with user: if0_38627749
[29-Mar-2025 19:43:08 America/New_York] Database connection successful!
[29-Mar-2025 19:43:10 America/New_York] Attempting database connection...
[29-Mar-2025 19:43:10 America/New_York] DSN: mysql:host=sql105.infinityfree.com;dbname=if0_38627749_ppdb_man1mr;charset=utf8mb4
[29-Mar-2025 19:43:10 America/New_York] Attempting to connect with user: if0_38627749
[29-Mar-2025 19:43:10 America/New_York] Database connection successful!
[29-Mar-2025 19:43:13 America/New_York] Attempting database connection...
[29-Mar-2025 19:43:13 America/New_York] DSN: mysql:host=sql105.infinityfree.com;dbname=if0_38627749_ppdb_man1mr;charset=utf8mb4
[29-Mar-2025 19:43:13 America/New_York] Attempting to connect with user: if0_38627749
[29-Mar-2025 19:43:13 America/New_York] Database connection successful!
[29-Mar-2025 19:43:15 America/New_York] Attempting database connection...
[29-Mar-2025 19:43:15 America/New_York] DSN: mysql:host=sql105.infinityfree.com;dbname=if0_38627749_ppdb_man1mr;charset=utf8mb4
[29-Mar-2025 19:43:15 America/New_York] Attempting to connect with user: if0_38627749
[29-Mar-2025 19:43:15 America/New_York] Database connection successful!
[29-Mar-2025 19:45:05 America/New_York] Attempting database connection...
[29-Mar-2025 19:45:05 America/New_York] DSN: mysql:host=sql105.infinityfree.com;dbname=if0_38627749_ppdb_man1mr;charset=utf8mb4
[29-Mar-2025 19:45:05 America/New_York] Attempting to connect with user: if0_38627749
[29-Mar-2025 19:45:05 America/New_York] Database connection successful!
[29-Mar-2025 19:45:07 America/New_York] Attempting database connection...
[29-Mar-2025 19:45:07 America/New_York] DSN: mysql:host=sql105.infinityfree.com;dbname=if0_38627749_ppdb_man1mr;charset=utf8mb4
[29-Mar-2025 19:45:07 America/New_York] Attempting to connect with user: if0_38627749
[29-Mar-2025 19:45:07 America/New_York] Database connection successful!
[29-Mar-2025 19:48:47 America/New_York] Attempting database connection...
[29-Mar-2025 19:48:47 America/New_York] DSN: mysql:host=sql105.infinityfree.com;dbname=if0_38627749_ppdb_man1mr;charset=utf8mb4
[29-Mar-2025 19:48:47 America/New_York] Attempting to connect with user: if0_38627749
[29-Mar-2025 19:48:47 America/New_York] Database connection successful!
[29-Mar-2025 19:48:49 America/New_York] Attempting database connection...
[29-Mar-2025 19:48:49 America/New_York] DSN: mysql:host=sql105.infinityfree.com;dbname=if0_38627749_ppdb_man1mr;charset=utf8mb4
[29-Mar-2025 19:48:49 America/New_York] Attempting to connect with user: if0_38627749
[29-Mar-2025 19:48:49 America/New_York] Database connection successful!
[29-Mar-2025 19:48:52 America/New_York] Attempting database connection...
[29-Mar-2025 19:48:52 America/New_York] DSN: mysql:host=sql105.infinityfree.com;dbname=if0_38627749_ppdb_man1mr;charset=utf8mb4
[29-Mar-2025 19:48:52 America/New_York] Attempting to connect with user: if0_38627749
[29-Mar-2025 19:48:52 America/New_York] Database connection successful!
[29-Mar-2025 19:48:55 America/New_York] Attempting database connection...
[29-Mar-2025 19:48:55 America/New_York] DSN: mysql:host=sql105.infinityfree.com;dbname=if0_38627749_ppdb_man1mr;charset=utf8mb4
[29-Mar-2025 19:48:55 America/New_York] Attempting to connect with user: if0_38627749
[29-Mar-2025 19:48:55 America/New_York] Database connection successful!
[29-Mar-2025 19:49:08 America/New_York] Attempting database connection...
[29-Mar-2025 19:49:08 America/New_York] DSN: mysql:host=sql105.infinityfree.com;dbname=if0_38627749_ppdb_man1mr;charset=utf8mb4
[29-Mar-2025 19:49:08 America/New_York] Attempting to connect with user: if0_38627749
[29-Mar-2025 19:49:08 America/New_York] Database connection successful!
[29-Mar-2025 19:50:55 America/New_York] Attempting database connection...
[29-Mar-2025 19:50:55 America/New_York] DSN: mysql:host=sql105.infinityfree.com;dbname=if0_38627749_ppdb_man1mr;charset=utf8mb4
[29-Mar-2025 19:50:55 America/New_York] Attempting to connect with user: if0_38627749
[29-Mar-2025 19:50:55 America/New_York] Database connection successful!
[29-Mar-2025 19:51:49 America/New_York] Attempting database connection...
[29-Mar-2025 19:51:49 America/New_York] DSN: mysql:host=sql105.infinityfree.com;dbname=if0_38627749_ppdb_man1mr;charset=utf8mb4
[29-Mar-2025 19:51:49 America/New_York] Attempting to connect with user: if0_38627749
[29-Mar-2025 19:51:49 America/New_York] Database connection successful!
[29-Mar-2025 19:51:53 America/New_York] Attempting database connection...
[29-Mar-2025 19:51:53 America/New_York] DSN: mysql:host=sql105.infinityfree.com;dbname=if0_38627749_ppdb_man1mr;charset=utf8mb4
[29-Mar-2025 19:51:53 America/New_York] Attempting to connect with user: if0_38627749
[29-Mar-2025 19:51:53 America/New_York] Database connection successful!
[29-Mar-2025 19:52:30 America/New_York] Attempting database connection...
[29-Mar-2025 19:52:30 America/New_York] DSN: mysql:host=sql105.infinityfree.com;dbname=if0_38627749_ppdb_man1mr;charset=utf8mb4
[29-Mar-2025 19:52:30 America/New_York] Attempting to connect with user: if0_38627749
[29-Mar-2025 19:52:30 America/New_York] Database connection successful!
[29-Mar-2025 19:52:33 America/New_York] Attempting database connection...
[29-Mar-2025 19:52:33 America/New_York] DSN: mysql:host=sql105.infinityfree.com;dbname=if0_38627749_ppdb_man1mr;charset=utf8mb4
[29-Mar-2025 19:52:33 America/New_York] Attempting to connect with user: if0_38627749
[29-Mar-2025 19:52:33 America/New_York] Database connection successful!
[29-Mar-2025 19:54:20 America/New_York] Attempting database connection...
[29-Mar-2025 19:54:20 America/New_York] DSN: mysql:host=sql105.infinityfree.com;dbname=if0_38627749_ppdb_man1mr;charset=utf8mb4
[29-Mar-2025 19:54:20 America/New_York] Attempting to connect with user: if0_38627749
[29-Mar-2025 19:54:20 America/New_York] Database connection successful!
[29-Mar-2025 19:54:21 America/New_York] Attempting database connection...
[29-Mar-2025 19:54:21 America/New_York] DSN: mysql:host=sql105.infinityfree.com;dbname=if0_38627749_ppdb_man1mr;charset=utf8mb4
[29-Mar-2025 19:54:21 America/New_York] Attempting to connect with user: if0_38627749
[29-Mar-2025 19:54:21 America/New_York] Database connection successful!
[29-Mar-2025 19:55:00 America/New_York] Attempting database connection...
[29-Mar-2025 19:55:00 America/New_York] DSN: mysql:host=sql105.infinityfree.com;dbname=if0_38627749_ppdb_man1mr;charset=utf8mb4
[29-Mar-2025 19:55:00 America/New_York] Attempting to connect with user: if0_38627749
[29-Mar-2025 19:55:00 America/New_York] Database connection successful!
[29-Mar-2025 19:56:11 America/New_York] Attempting database connection...
[29-Mar-2025 19:56:11 America/New_York] DSN: mysql:host=sql105.infinityfree.com;dbname=if0_38627749_ppdb_man1mr;charset=utf8mb4
[29-Mar-2025 19:56:11 America/New_York] Attempting to connect with user: if0_38627749
[29-Mar-2025 19:56:11 America/New_York] Database connection successful!
[29-Mar-2025 19:57:08 America/New_York] Attempting database connection...
[29-Mar-2025 19:57:08 America/New_York] DSN: mysql:host=sql105.infinityfree.com;dbname=if0_38627749_ppdb_man1mr;charset=utf8mb4
[29-Mar-2025 19:57:08 America/New_York] Attempting to connect with user: if0_38627749
[29-Mar-2025 19:57:08 America/New_York] Database connection successful!
[29-Mar-2025 19:59:06 America/New_York] Attempting database connection...
[29-Mar-2025 19:59:06 America/New_York] DSN: mysql:host=sql105.infinityfree.com;dbname=if0_38627749_ppdb_man1mr;charset=utf8mb4
[29-Mar-2025 19:59:06 America/New_York] Attempting to connect with user: if0_38627749
[29-Mar-2025 19:59:06 America/New_York] Database connection successful!
[29-Mar-2025 19:59:16 America/New_York] Attempting database connection...
[29-Mar-2025 19:59:16 America/New_York] DSN: mysql:host=sql105.infinityfree.com;dbname=if0_38627749_ppdb_man1mr;charset=utf8mb4
[29-Mar-2025 19:59:16 America/New_York] Attempting to connect with user: if0_38627749
[29-Mar-2025 19:59:16 America/New_York] Database connection successful!
[29-Mar-2025 19:59:16 America/New_York] Attempting database connection...
[29-Mar-2025 19:59:16 America/New_York] DSN: mysql:host=sql105.infinityfree.com;dbname=if0_38627749_ppdb_man1mr;charset=utf8mb4
[29-Mar-2025 19:59:16 America/New_York] Attempting to connect with user: if0_38627749
[29-Mar-2025 19:59:16 America/New_York] Database connection successful!
[29-Mar-2025 19:59:21 America/New_York] Attempting database connection...
[29-Mar-2025 19:59:21 America/New_York] DSN: mysql:host=sql105.infinityfree.com;dbname=if0_38627749_ppdb_man1mr;charset=utf8mb4
[29-Mar-2025 19:59:21 America/New_York] Attempting to connect with user: if0_38627749
[29-Mar-2025 19:59:21 America/New_York] Database connection successful!
[29-Mar-2025 19:59:24 America/New_York] Attempting database connection...
[29-Mar-2025 19:59:24 America/New_York] DSN: mysql:host=sql105.infinityfree.com;dbname=if0_38627749_ppdb_man1mr;charset=utf8mb4
[29-Mar-2025 19:59:24 America/New_York] Attempting to connect with user: if0_38627749
[29-Mar-2025 19:59:24 America/New_York] Database connection successful!
[29-Mar-2025 19:59:28 America/New_York] Attempting database connection...
[29-Mar-2025 19:59:28 America/New_York] DSN: mysql:host=sql105.infinityfree.com;dbname=if0_38627749_ppdb_man1mr;charset=utf8mb4
[29-Mar-2025 19:59:28 America/New_York] Attempting to connect with user: if0_38627749
[29-Mar-2025 19:59:28 America/New_York] Database connection successful!
[29-Mar-2025 19:59:32 America/New_York] Attempting database connection...
[29-Mar-2025 19:59:32 America/New_York] DSN: mysql:host=sql105.infinityfree.com;dbname=if0_38627749_ppdb_man1mr;charset=utf8mb4
[29-Mar-2025 19:59:32 America/New_York] Attempting to connect with user: if0_38627749
[29-Mar-2025 19:59:32 America/New_York] Database connection successful!
[29-Mar-2025 19:59:43 America/New_York] Attempting database connection...
[29-Mar-2025 19:59:43 America/New_York] DSN: mysql:host=sql105.infinityfree.com;dbname=if0_38627749_ppdb_man1mr;charset=utf8mb4
[29-Mar-2025 19:59:43 America/New_York] Attempting to connect with user: if0_38627749
[29-Mar-2025 19:59:43 America/New_York] Database connection successful!
[29-Mar-2025 20:07:44 America/New_York] Attempting database connection...
[29-Mar-2025 20:07:44 America/New_York] DSN: mysql:host=sql105.infinityfree.com;dbname=if0_38627749_ppdb_man1mr;charset=utf8mb4
[29-Mar-2025 20:07:44 America/New_York] Attempting to connect with user: if0_38627749
[29-Mar-2025 20:07:44 America/New_York] Database connection successful!
[29-Mar-2025 20:07:55 America/New_York] Attempting database connection...
[29-Mar-2025 20:07:55 America/New_York] DSN: mysql:host=sql105.infinityfree.com;dbname=if0_38627749_ppdb_man1mr;charset=utf8mb4
[29-Mar-2025 20:07:55 America/New_York] Attempting to connect with user: if0_38627749
[29-Mar-2025 20:07:55 America/New_York] Database connection successful!
[29-Mar-2025 20:07:58 America/New_York] Attempting database connection...
[29-Mar-2025 20:07:58 America/New_York] DSN: mysql:host=sql105.infinityfree.com;dbname=if0_38627749_ppdb_man1mr;charset=utf8mb4
[29-Mar-2025 20:07:58 America/New_York] Attempting to connect with user: if0_38627749
[29-Mar-2025 20:07:58 America/New_York] Database connection successful!
[29-Mar-2025 20:07:59 America/New_York] Attempting database connection...
[29-Mar-2025 20:07:59 America/New_York] DSN: mysql:host=sql105.infinityfree.com;dbname=if0_38627749_ppdb_man1mr;charset=utf8mb4
[29-Mar-2025 20:07:59 America/New_York] Attempting to connect with user: if0_38627749
[29-Mar-2025 20:07:59 America/New_York] Database connection successful!
[29-Mar-2025 20:08:19 America/New_York] Attempting database connection...
[29-Mar-2025 20:08:19 America/New_York] DSN: mysql:host=sql105.infinityfree.com;dbname=if0_38627749_ppdb_man1mr;charset=utf8mb4
[29-Mar-2025 20:08:19 America/New_York] Attempting to connect with user: if0_38627749
[29-Mar-2025 20:08:19 America/New_York] Database connection successful!
[29-Mar-2025 20:08:19 America/New_York] Login process started
[29-Mar-2025 20:08:19 America/New_York] Login Error: NISN atau password salah!
[29-Mar-2025 20:08:19 America/New_York] Attempting database connection...
[29-Mar-2025 20:08:19 America/New_York] DSN: mysql:host=sql105.infinityfree.com;dbname=if0_38627749_ppdb_man1mr;charset=utf8mb4
[29-Mar-2025 20:08:19 America/New_York] Attempting to connect with user: if0_38627749
[29-Mar-2025 20:08:19 America/New_York] Database connection successful!
[29-Mar-2025 20:08:40 America/New_York] Attempting database connection...
[29-Mar-2025 20:08:40 America/New_York] DSN: mysql:host=sql105.infinityfree.com;dbname=if0_38627749_ppdb_man1mr;charset=utf8mb4
[29-Mar-2025 20:08:40 America/New_York] Attempting to connect with user: if0_38627749
[29-Mar-2025 20:08:40 America/New_York] Database connection successful!
[29-Mar-2025 20:08:40 America/New_York] Login process started
[29-Mar-2025 20:08:40 America/New_York] Login Error: Kode CAPTCHA tidak valid atau telah kadaluarsa!
[29-Mar-2025 20:08:40 America/New_York] Attempting database connection...
[29-Mar-2025 20:08:40 America/New_York] DSN: mysql:host=sql105.infinityfree.com;dbname=if0_38627749_ppdb_man1mr;charset=utf8mb4
[29-Mar-2025 20:08:40 America/New_York] Attempting to connect with user: if0_38627749
[29-Mar-2025 20:08:40 America/New_York] Database connection successful!
[29-Mar-2025 20:09:03 America/New_York] Attempting database connection...
[29-Mar-2025 20:09:03 America/New_York] DSN: mysql:host=sql105.infinityfree.com;dbname=if0_38627749_ppdb_man1mr;charset=utf8mb4
[29-Mar-2025 20:09:03 America/New_York] Attempting to connect with user: if0_38627749
[29-Mar-2025 20:09:03 America/New_York] Database connection successful!
[29-Mar-2025 20:09:03 America/New_York] Login process started
[29-Mar-2025 20:09:04 America/New_York] Attempting database connection...
[29-Mar-2025 20:09:04 America/New_York] DSN: mysql:host=sql105.infinityfree.com;dbname=if0_38627749_ppdb_man1mr;charset=utf8mb4
[29-Mar-2025 20:09:04 America/New_York] Attempting to connect with user: if0_38627749
[29-Mar-2025 20:09:04 America/New_York] Database connection successful!
[29-Mar-2025 20:09:08 America/New_York] Attempting database connection...
[29-Mar-2025 20:09:08 America/New_York] DSN: mysql:host=sql105.infinityfree.com;dbname=if0_38627749_ppdb_man1mr;charset=utf8mb4
[29-Mar-2025 20:09:08 America/New_York] Attempting to connect with user: if0_38627749
[29-Mar-2025 20:09:08 America/New_York] Database connection successful!
[29-Mar-2025 20:09:13 America/New_York] Attempting database connection...
[29-Mar-2025 20:09:13 America/New_York] DSN: mysql:host=sql105.infinityfree.com;dbname=if0_38627749_ppdb_man1mr;charset=utf8mb4
[29-Mar-2025 20:09:13 America/New_York] Attempting to connect with user: if0_38627749
[29-Mar-2025 20:09:13 America/New_York] Database connection successful!
[29-Mar-2025 20:09:18 America/New_York] Attempting database connection...
[29-Mar-2025 20:09:18 America/New_York] DSN: mysql:host=sql105.infinityfree.com;dbname=if0_38627749_ppdb_man1mr;charset=utf8mb4
[29-Mar-2025 20:09:18 America/New_York] Attempting to connect with user: if0_38627749
[29-Mar-2025 20:09:18 America/New_York] Database connection successful!
[29-Mar-2025 20:15:17 America/New_York] Attempting database connection...
[29-Mar-2025 20:15:17 America/New_York] DSN: mysql:host=sql105.infinityfree.com;dbname=if0_38627749_ppdb_man1mr;charset=utf8mb4
[29-Mar-2025 20:15:17 America/New_York] Attempting to connect with user: if0_38627749
[29-Mar-2025 20:15:17 America/New_York] Database connection successful!
[29-Mar-2025 20:15:19 America/New_York] Attempting database connection...
[29-Mar-2025 20:15:19 America/New_York] DSN: mysql:host=sql105.infinityfree.com;dbname=if0_38627749_ppdb_man1mr;charset=utf8mb4
[29-Mar-2025 20:15:19 America/New_York] Attempting to connect with user: if0_38627749
[29-Mar-2025 20:15:19 America/New_York] Database connection successful!
[29-Mar-2025 20:15:20 America/New_York] Attempting database connection...
[29-Mar-2025 20:15:20 America/New_York] DSN: mysql:host=sql105.infinityfree.com;dbname=if0_38627749_ppdb_man1mr;charset=utf8mb4
[29-Mar-2025 20:15:20 America/New_York] Attempting to connect with user: if0_38627749
[29-Mar-2025 20:15:20 America/New_York] Database connection successful!
[29-Mar-2025 20:15:26 America/New_York] Attempting database connection...
[29-Mar-2025 20:15:26 America/New_York] DSN: mysql:host=sql105.infinityfree.com;dbname=if0_38627749_ppdb_man1mr;charset=utf8mb4
[29-Mar-2025 20:15:26 America/New_York] Attempting to connect with user: if0_38627749
[29-Mar-2025 20:15:26 America/New_York] Database connection successful!
[29-Mar-2025 20:15:31 America/New_York] Attempting database connection...
[29-Mar-2025 20:15:31 America/New_York] DSN: mysql:host=sql105.infinityfree.com;dbname=if0_38627749_ppdb_man1mr;charset=utf8mb4
[29-Mar-2025 20:15:31 America/New_York] Attempting to connect with user: if0_38627749
[29-Mar-2025 20:15:31 America/New_York] Database connection successful!
[29-Mar-2025 20:17:15 America/New_York] Attempting database connection...
[29-Mar-2025 20:17:15 America/New_York] DSN: mysql:host=sql105.infinityfree.com;dbname=if0_38627749_ppdb_man1mr;charset=utf8mb4
[29-Mar-2025 20:17:15 America/New_York] Attempting to connect with user: if0_38627749
[29-Mar-2025 20:17:15 America/New_York] Database connection successful!
[29-Mar-2025 20:18:06 America/New_York] Attempting database connection...
[29-Mar-2025 20:18:06 America/New_York] DSN: mysql:host=sql105.infinityfree.com;dbname=if0_38627749_ppdb_man1mr;charset=utf8mb4
[29-Mar-2025 20:18:06 America/New_York] Attempting to connect with user: if0_38627749
[29-Mar-2025 20:18:06 America/New_York] Database connection successful!
[29-Mar-2025 20:18:10 America/New_York] Attempting database connection...
[29-Mar-2025 20:18:10 America/New_York] DSN: mysql:host=sql105.infinityfree.com;dbname=if0_38627749_ppdb_man1mr;charset=utf8mb4
[29-Mar-2025 20:18:10 America/New_York] Attempting to connect with user: if0_38627749
[29-Mar-2025 20:18:10 America/New_York] Database connection successful!
[29-Mar-2025 20:18:12 America/New_York] Attempting database connection...
[29-Mar-2025 20:18:12 America/New_York] DSN: mysql:host=sql105.infinityfree.com;dbname=if0_38627749_ppdb_man1mr;charset=utf8mb4
[29-Mar-2025 20:18:12 America/New_York] Attempting to connect with user: if0_38627749
[29-Mar-2025 20:18:12 America/New_York] Database connection successful!
[29-Mar-2025 20:18:15 America/New_York] Attempting database connection...
[29-Mar-2025 20:18:15 America/New_York] DSN: mysql:host=sql105.infinityfree.com;dbname=if0_38627749_ppdb_man1mr;charset=utf8mb4
[29-Mar-2025 20:18:15 America/New_York] Attempting to connect with user: if0_38627749
[29-Mar-2025 20:18:15 America/New_York] Database connection successful!
[29-Mar-2025 20:18:18 America/New_York] Attempting database connection...
[29-Mar-2025 20:18:18 America/New_York] DSN: mysql:host=sql105.infinityfree.com;dbname=if0_38627749_ppdb_man1mr;charset=utf8mb4
[29-Mar-2025 20:18:18 America/New_York] Attempting to connect with user: if0_38627749
[29-Mar-2025 20:18:18 America/New_York] Database connection successful!
[29-Mar-2025 20:18:19 America/New_York] Attempting database connection...
[29-Mar-2025 20:18:19 America/New_York] DSN: mysql:host=sql105.infinityfree.com;dbname=if0_38627749_ppdb_man1mr;charset=utf8mb4
[29-Mar-2025 20:18:19 America/New_York] Attempting to connect with user: if0_38627749
[29-Mar-2025 20:18:19 America/New_York] Database connection successful!
[29-Mar-2025 20:18:23 America/New_York] Attempting database connection...
[29-Mar-2025 20:18:23 America/New_York] DSN: mysql:host=sql105.infinityfree.com;dbname=if0_38627749_ppdb_man1mr;charset=utf8mb4
[29-Mar-2025 20:18:23 America/New_York] Attempting to connect with user: if0_38627749
[29-Mar-2025 20:18:23 America/New_York] Database connection successful!
[29-Mar-2025 20:18:24 America/New_York] Attempting database connection...
[29-Mar-2025 20:18:24 America/New_York] DSN: mysql:host=sql105.infinityfree.com;dbname=if0_38627749_ppdb_man1mr;charset=utf8mb4
[29-Mar-2025 20:18:24 America/New_York] Attempting to connect with user: if0_38627749
[29-Mar-2025 20:18:24 America/New_York] Database connection successful!
[29-Mar-2025 20:18:27 America/New_York] Attempting database connection...
[29-Mar-2025 20:18:27 America/New_York] DSN: mysql:host=sql105.infinityfree.com;dbname=if0_38627749_ppdb_man1mr;charset=utf8mb4
[29-Mar-2025 20:18:27 America/New_York] Attempting to connect with user: if0_38627749
[29-Mar-2025 20:18:27 America/New_York] Database connection successful!
[29-Mar-2025 20:18:42 America/New_York] Attempting database connection...
[29-Mar-2025 20:18:42 America/New_York] DSN: mysql:host=sql105.infinityfree.com;dbname=if0_38627749_ppdb_man1mr;charset=utf8mb4
[29-Mar-2025 20:18:42 America/New_York] Attempting to connect with user: if0_38627749
[29-Mar-2025 20:18:42 America/New_York] Database connection successful!
[29-Mar-2025 20:18:45 America/New_York] Attempting database connection...
[29-Mar-2025 20:18:45 America/New_York] DSN: mysql:host=sql105.infinityfree.com;dbname=if0_38627749_ppdb_man1mr;charset=utf8mb4
[29-Mar-2025 20:18:45 America/New_York] Attempting to connect with user: if0_38627749
[29-Mar-2025 20:18:45 America/New_York] Database connection successful!
[29-Mar-2025 20:24:31 America/New_York] Attempting database connection...
[29-Mar-2025 20:24:31 America/New_York] DSN: mysql:host=sql105.infinityfree.com;dbname=if0_38627749_ppdb_man1mr;charset=utf8mb4
[29-Mar-2025 20:24:31 America/New_York] Attempting to connect with user: if0_38627749
[29-Mar-2025 20:24:31 America/New_York] Database connection successful!
[29-Mar-2025 20:24:34 America/New_York] Attempting database connection...
[29-Mar-2025 20:24:34 America/New_York] DSN: mysql:host=sql105.infinityfree.com;dbname=if0_38627749_ppdb_man1mr;charset=utf8mb4
[29-Mar-2025 20:24:34 America/New_York] Attempting to connect with user: if0_38627749
[29-Mar-2025 20:24:34 America/New_York] Database connection successful!
[29-Mar-2025 20:24:43 America/New_York] Attempting database connection...
[29-Mar-2025 20:24:43 America/New_York] DSN: mysql:host=sql105.infinityfree.com;dbname=if0_38627749_ppdb_man1mr;charset=utf8mb4
[29-Mar-2025 20:24:43 America/New_York] Attempting to connect with user: if0_38627749
[29-Mar-2025 20:24:43 America/New_York] Database connection successful!
[29-Mar-2025 20:26:09 America/New_York] Attempting database connection...
[29-Mar-2025 20:26:09 America/New_York] DSN: mysql:host=sql105.infinityfree.com;dbname=if0_38627749_ppdb_man1mr;charset=utf8mb4
[29-Mar-2025 20:26:09 America/New_York] Attempting to connect with user: if0_38627749
[29-Mar-2025 20:26:09 America/New_York] Database connection successful!
[29-Mar-2025 20:29:19 America/New_York] Attempting database connection...
[29-Mar-2025 20:29:19 America/New_York] DSN: mysql:host=sql105.infinityfree.com;dbname=if0_38627749_ppdb_man1mr;charset=utf8mb4
[29-Mar-2025 20:29:19 America/New_York] Attempting to connect with user: if0_38627749
[29-Mar-2025 20:29:19 America/New_York] Database connection successful!
[29-Mar-2025 20:29:21 America/New_York] Attempting database connection...
[29-Mar-2025 20:29:21 America/New_York] DSN: mysql:host=sql105.infinityfree.com;dbname=if0_38627749_ppdb_man1mr;charset=utf8mb4
[29-Mar-2025 20:29:21 America/New_York] Attempting to connect with user: if0_38627749
[29-Mar-2025 20:29:21 America/New_York] Database connection successful!
[29-Mar-2025 20:29:38 America/New_York] Attempting database connection...
[29-Mar-2025 20:29:38 America/New_York] DSN: mysql:host=sql105.infinityfree.com;dbname=if0_38627749_ppdb_man1mr;charset=utf8mb4
[29-Mar-2025 20:29:38 America/New_York] Attempting to connect with user: if0_38627749
[29-Mar-2025 20:29:38 America/New_York] Database connection successful!
[29-Mar-2025 20:29:40 America/New_York] Attempting database connection...
[29-Mar-2025 20:29:40 America/New_York] DSN: mysql:host=sql105.infinityfree.com;dbname=if0_38627749_ppdb_man1mr;charset=utf8mb4
[29-Mar-2025 20:29:40 America/New_York] Attempting to connect with user: if0_38627749
[29-Mar-2025 20:29:40 America/New_York] Database connection successful!
[29-Mar-2025 20:29:42 America/New_York] Attempting database connection...
[29-Mar-2025 20:29:42 America/New_York] DSN: mysql:host=sql105.infinityfree.com;dbname=if0_38627749_ppdb_man1mr;charset=utf8mb4
[29-Mar-2025 20:29:42 America/New_York] Attempting to connect with user: if0_38627749
[29-Mar-2025 20:29:42 America/New_York] Database connection successful!
[29-Mar-2025 20:32:15 America/New_York] Attempting database connection...
[29-Mar-2025 20:32:15 America/New_York] DSN: mysql:host=sql105.infinityfree.com;dbname=if0_38627749_ppdb_man1mr;charset=utf8mb4
[29-Mar-2025 20:32:15 America/New_York] Attempting to connect with user: if0_38627749
[29-Mar-2025 20:32:15 America/New_York] Database connection successful!
[29-Mar-2025 20:32:18 America/New_York] Attempting database connection...
[29-Mar-2025 20:32:18 America/New_York] DSN: mysql:host=sql105.infinityfree.com;dbname=if0_38627749_ppdb_man1mr;charset=utf8mb4
[29-Mar-2025 20:32:18 America/New_York] Attempting to connect with user: if0_38627749
[29-Mar-2025 20:32:18 America/New_York] Database connection successful!
[29-Mar-2025 20:32:20 America/New_York] Attempting database connection...
[29-Mar-2025 20:32:20 America/New_York] DSN: mysql:host=sql105.infinityfree.com;dbname=if0_38627749_ppdb_man1mr;charset=utf8mb4
[29-Mar-2025 20:32:20 America/New_York] Attempting to connect with user: if0_38627749
[29-Mar-2025 20:32:20 America/New_York] Database connection successful!
[29-Mar-2025 20:32:20 America/New_York] Database Error in pengumuman.php: SQLSTATE[42S02]: Base table or view not found: 1146 Table 'if0_38627749_ppdb_man1mr.settings' doesn't exist
[29-Mar-2025 20:32:20 America/New_York] Attempting database connection...
[29-Mar-2025 20:32:20 America/New_York] DSN: mysql:host=sql105.infinityfree.com;dbname=if0_38627749_ppdb_man1mr;charset=utf8mb4
[29-Mar-2025 20:32:20 America/New_York] Attempting to connect with user: if0_38627749
[29-Mar-2025 20:32:20 America/New_York] Database connection successful!
[29-Mar-2025 20:35:07 America/New_York] Attempting database connection...
[29-Mar-2025 20:35:07 America/New_York] DSN: mysql:host=sql105.infinityfree.com;dbname=if0_38627749_ppdb_man1mr;charset=utf8mb4
[29-Mar-2025 20:35:07 America/New_York] Attempting to connect with user: if0_38627749
[29-Mar-2025 20:35:07 America/New_York] Database connection successful!
[29-Mar-2025 20:35:08 America/New_York] Attempting database connection...
[29-Mar-2025 20:35:08 America/New_York] DSN: mysql:host=sql105.infinityfree.com;dbname=if0_38627749_ppdb_man1mr;charset=utf8mb4
[29-Mar-2025 20:35:08 America/New_York] Attempting to connect with user: if0_38627749
[29-Mar-2025 20:35:08 America/New_York] Database connection successful!
[29-Mar-2025 20:35:08 America/New_York] Database Error in pengumuman.php: SQLSTATE[42S02]: Base table or view not found: 1146 Table 'if0_38627749_ppdb_man1mr.settings' doesn't exist
[29-Mar-2025 20:35:09 America/New_York] Attempting database connection...
[29-Mar-2025 20:35:09 America/New_York] DSN: mysql:host=sql105.infinityfree.com;dbname=if0_38627749_ppdb_man1mr;charset=utf8mb4
[29-Mar-2025 20:35:09 America/New_York] Attempting to connect with user: if0_38627749
[29-Mar-2025 20:35:09 America/New_York] Database connection successful!
[29-Mar-2025 20:43:25 America/New_York] Attempting database connection...
[29-Mar-2025 20:43:25 America/New_York] DSN: mysql:host=sql105.infinityfree.com;dbname=if0_38627749_ppdb_man1mr;charset=utf8mb4
[29-Mar-2025 20:43:25 America/New_York] Attempting to connect with user: if0_38627749
[29-Mar-2025 20:43:25 America/New_York] Database connection successful!
[29-Mar-2025 20:43:26 America/New_York] Attempting database connection...
[29-Mar-2025 20:43:26 America/New_York] DSN: mysql:host=sql105.infinityfree.com;dbname=if0_38627749_ppdb_man1mr;charset=utf8mb4
[29-Mar-2025 20:43:26 America/New_York] Attempting to connect with user: if0_38627749
[29-Mar-2025 20:43:26 America/New_York] Database connection successful!
[29-Mar-2025 20:43:27 America/New_York] Attempting database connection...
[29-Mar-2025 20:43:27 America/New_York] DSN: mysql:host=sql105.infinityfree.com;dbname=if0_38627749_ppdb_man1mr;charset=utf8mb4
[29-Mar-2025 20:43:27 America/New_York] Attempting to connect with user: if0_38627749
[29-Mar-2025 20:43:27 America/New_York] Database connection successful!
[29-Mar-2025 20:43:29 America/New_York] Attempting database connection...
[29-Mar-2025 20:43:29 America/New_York] DSN: mysql:host=sql105.infinityfree.com;dbname=if0_38627749_ppdb_man1mr;charset=utf8mb4
[29-Mar-2025 20:43:29 America/New_York] Attempting to connect with user: if0_38627749
[29-Mar-2025 20:43:29 America/New_York] Database connection successful!
[29-Mar-2025 20:43:30 America/New_York] Attempting database connection...
[29-Mar-2025 20:43:30 America/New_York] DSN: mysql:host=sql105.infinityfree.com;dbname=if0_38627749_ppdb_man1mr;charset=utf8mb4
[29-Mar-2025 20:43:30 America/New_York] Attempting to connect with user: if0_38627749
[29-Mar-2025 20:43:30 America/New_York] Database connection successful!
[29-Mar-2025 20:44:13 America/New_York] Attempting database connection...
[29-Mar-2025 20:44:13 America/New_York] DSN: mysql:host=sql105.infinityfree.com;dbname=if0_38627749_ppdb_man1mr;charset=utf8mb4
[29-Mar-2025 20:44:13 America/New_York] Attempting to connect with user: if0_38627749
[29-Mar-2025 20:44:13 America/New_York] Database connection successful!
[29-Mar-2025 20:44:17 America/New_York] Attempting database connection...
[29-Mar-2025 20:44:17 America/New_York] DSN: mysql:host=sql105.infinityfree.com;dbname=if0_38627749_ppdb_man1mr;charset=utf8mb4
[29-Mar-2025 20:44:17 America/New_York] Attempting to connect with user: if0_38627749
[29-Mar-2025 20:44:17 America/New_York] Database connection successful!
[29-Mar-2025 20:44:18 America/New_York] Attempting database connection...
[29-Mar-2025 20:44:18 America/New_York] DSN: mysql:host=sql105.infinityfree.com;dbname=if0_38627749_ppdb_man1mr;charset=utf8mb4
[29-Mar-2025 20:44:18 America/New_York] Attempting to connect with user: if0_38627749
[29-Mar-2025 20:44:18 America/New_York] Database connection successful!
[29-Mar-2025 20:44:18 America/New_York] Attempting database connection...
[29-Mar-2025 20:44:18 America/New_York] DSN: mysql:host=sql105.infinityfree.com;dbname=if0_38627749_ppdb_man1mr;charset=utf8mb4
[29-Mar-2025 20:44:18 America/New_York] Attempting to connect with user: if0_38627749
[29-Mar-2025 20:44:18 America/New_York] Database connection successful!
[29-Mar-2025 20:44:56 America/New_York] Attempting database connection...
[29-Mar-2025 20:44:56 America/New_York] DSN: mysql:host=sql105.infinityfree.com;dbname=if0_38627749_ppdb_man1mr;charset=utf8mb4
[29-Mar-2025 20:44:56 America/New_York] Attempting to connect with user: if0_38627749
[29-Mar-2025 20:44:56 America/New_York] Database connection successful!
[29-Mar-2025 20:44:58 America/New_York] Attempting database connection...
[29-Mar-2025 20:44:58 America/New_York] DSN: mysql:host=sql105.infinityfree.com;dbname=if0_38627749_ppdb_man1mr;charset=utf8mb4
[29-Mar-2025 20:44:58 America/New_York] Attempting to connect with user: if0_38627749
[29-Mar-2025 20:44:58 America/New_York] Database connection successful!
[29-Mar-2025 20:44:58 America/New_York] Database error: SQLSTATE[42S02]: Base table or view not found: 1146 Table 'if0_38627749_ppdb_man1mr.settings' doesn't exist
